Determining if the pthread_create exist failed with the following output:
Change Dir: /home/carson/git/hdOSPRayPlugin/build/CMakeFiles/CMakeTmp

Run Build Command:"/usr/bin/make" "cmTC_ec227/fast"
/usr/bin/make -f CMakeFiles/cmTC_ec227.dir/build.make CMakeFiles/cmTC_ec227.dir/build
make[1]: Entering directory '/home/carson/git/hdOSPRayPlugin/build/CMakeFiles/CMakeTmp'
Building C object CMakeFiles/cmTC_ec227.dir/CheckSymbolExists.c.o
/usr/bin/cc    -o CMakeFiles/cmTC_ec227.dir/CheckSymbolExists.c.o   -c /home/carson/git/hdOSPRayPlugin/build/CMakeFiles/CMakeTmp/CheckSymbolExists.c
Linking C executable cmTC_ec227
/usr/bin/cmake -E cmake_link_script CMakeFiles/cmTC_ec227.dir/link.txt --verbose=1
/usr/bin/cc      -rdynamic CMakeFiles/cmTC_ec227.dir/CheckSymbolExists.c.o  -o cmTC_ec227 
CMakeFiles/cmTC_ec227.dir/CheckSymbolExists.c.o: In function `main':
CheckSymbolExists.c:(.text+0x1b): undefined reference to `pthread_create'
collect2: error: ld returned 1 exit status
make[1]: *** [CMakeFiles/cmTC_ec227.dir/build.make:98: cmTC_ec227] Error 1
make[1]: Leaving directory '/home/carson/git/hdOSPRayPlugin/build/CMakeFiles/CMakeTmp'
make: *** [Makefile:126: cmTC_ec227/fast] Error 2

File /home/carson/git/hdOSPRayPlugin/build/CMakeFiles/CMakeTmp/CheckSymbolExists.c:
/* */
#include <pthread.h>

int main(int argc, char** argv)
{
  (void)argv;
#ifndef pthread_create
  return ((int*)(&pthread_create))[argc];
#else
  (void)argc;
  return 0;
#endif
}

Determining if the function pthread_create exists in the pthreads failed with the following output:
Change Dir: /home/carson/git/hdOSPRayPlugin/build/CMakeFiles/CMakeTmp

Run Build Command:"/usr/bin/make" "cmTC_c8eea/fast"
/usr/bin/make -f CMakeFiles/cmTC_c8eea.dir/build.make CMakeFiles/cmTC_c8eea.dir/build
make[1]: Entering directory '/home/carson/git/hdOSPRayPlugin/build/CMakeFiles/CMakeTmp'
Building C object CMakeFiles/cmTC_c8eea.dir/CheckFunctionExists.c.o
/usr/bin/cc   -DCHECK_FUNCTION_EXISTS=pthread_create   -o CMakeFiles/cmTC_c8eea.dir/CheckFunctionExists.c.o   -c /usr/share/cmake-3.10/Modules/CheckFunctionExists.c
Linking C executable cmTC_c8eea
/usr/bin/cmake -E cmake_link_script CMakeFiles/cmTC_c8eea.dir/link.txt --verbose=1
/usr/bin/cc  -DCHECK_FUNCTION_EXISTS=pthread_create    -rdynamic CMakeFiles/cmTC_c8eea.dir/CheckFunctionExists.c.o  -o cmTC_c8eea -lpthreads 
/usr/bin/ld: cannot find -lpthreads
collect2: error: ld returned 1 exit status
make[1]: *** [CMakeFiles/cmTC_c8eea.dir/build.make:98: cmTC_c8eea] Error 1
make[1]: Leaving directory '/home/carson/git/hdOSPRayPlugin/build/CMakeFiles/CMakeTmp'
make: *** [Makefile:126: cmTC_c8eea/fast] Error 2


